<html>
<body>
<pre>
<h1>Build Log</h1>
<h3>
--------------------Configuration: banlet_demo - Win32 Debug--------------------
</h3>
<h3>Command Lines</h3>
Creating temporary file "C:\Users\DashenM\AppData\Local\Temp\RSPA12D.tmp" with contents
[
/nologo /MLd /W3 /Gm /GX /ZI /Od /D "WIN32" /D "_DEBUG" /D "_CONSOLE" /D "_MBCS" /Fp"Debug/banlet_demo.pch" /YX /Fo"Debug/" /Fd"Debug/" /FD /GZ /c 
"D:\Assignment\UMN\CSCI 2021\proj1\p1-code\banlet_demo.c"
]
Creating command line "cl.exe @C:\Users\DashenM\AppData\Local\Temp\RSPA12D.tmp" 
<h3>Output Window</h3>
Compiling...
banlet_demo.c
D:\Assignment\UMN\CSCI 2021\proj1\p1-code\banlet_demo.c(11) : error C2143: syntax error : missing ';' before 'type'
D:\Assignment\UMN\CSCI 2021\proj1\p1-code\banlet_demo.c(13) : error C2065: 'codepoint' : undeclared identifier
Ö´ÐÐ cl.exe Ê±³ö´í.



<h3>Results</h3>
banlet_demo.obj - 1 error(s), 0 warning(s)
</pre>
</body>
</html>
